2021-11-25T09:39:14+00:00 CRITICAL Uncaught Error: Call to undefined function bootscore_wc_get_corrected_terms() in /home/ashish/naturkompanitva/wp-content/themes/bootscore-main/woocommerce/checkout/terms.php:14
Stack trace:
#0 /home/ashish/naturkompanitva/wp-content/plugins/woocommerce/includes/wc-core-functions.php(345): include()
#1 /home/ashish/naturkompanitva/wp-content/themes/bootscore-main/woocommerce/checkout/payment.php(49): wc_get_template('checkout/terms....')
#2 /home/ashish/naturkompanitva/wp-content/plugins/woocommerce/includes/wc-core-functions.php(345): include('/home/ashish/na...')
#3 /home/ashish/naturkompanitva/wp-content/plugins/woocommerce/includes/wc-template-functions.php(2334): wc_get_template('checkout/paymen...', Array)
#4 /home/ashish/naturkompanitva/wp-includes/class-wp-hook.php(303): woocommerce_checkout_payment('')
#5 /home/ashish/naturkompanitva/wp-includes/class-wp-hook.php(327): WP_Hook->apply_filters(NULL, Array)
#6 /home/ashish/naturkompanitva/wp-includes/plugin.php(470): WP_Hook->do_action(Array)
#7 /home/as i /home/ashish/naturkompanitva/wp-content/themes/bootscore-main/woocommerce/checkout/terms.php på rad 14

2021-11-25T09:42:05+00:00 CRITICAL Uncaught Error: Call to undefined function bootscore_wc_get_corrected_terms() in /home/ashish/naturkompanitva/wp-content/themes/bootscore-main/woocommerce/checkout/terms.php:14
Stack trace:
#0 /home/ashish/naturkompanitva/wp-content/plugins/woocommerce/includes/wc-core-functions.php(345): include()
#1 /home/ashish/naturkompanitva/wp-content/themes/bootscore-main/woocommerce/checkout/payment.php(49): wc_get_template('checkout/terms....')
#2 /home/ashish/naturkompanitva/wp-content/plugins/woocommerce/includes/wc-core-functions.php(345): include('/home/ashish/na...')
#3 /home/ashish/naturkompanitva/wp-content/plugins/woocommerce/includes/wc-template-functions.php(2334): wc_get_template('checkout/paymen...', Array)
#4 /home/ashish/naturkompanitva/wp-includes/class-wp-hook.php(303): woocommerce_checkout_payment('')
#5 /home/ashish/naturkompanitva/wp-includes/class-wp-hook.php(327): WP_Hook->apply_filters(NULL, Array)
#6 /home/ashish/naturkompanitva/wp-includes/plugin.php(470): WP_Hook->do_action(Array)
#7 /home/as i /home/ashish/naturkompanitva/wp-content/themes/bootscore-main/woocommerce/checkout/terms.php på rad 14

2021-11-25T09:43:00+00:00 CRITICAL Uncaught Error: Call to undefined function bootscore_wc_get_corrected_terms() in /home/ashish/naturkompanitva/wp-content/themes/bootscore-main/woocommerce/checkout/terms.php:14
Stack trace:
#0 /home/ashish/naturkompanitva/wp-content/plugins/woocommerce/includes/wc-core-functions.php(345): include()
#1 /home/ashish/naturkompanitva/wp-content/themes/bootscore-main/woocommerce/checkout/payment.php(49): wc_get_template('checkout/terms....')
#2 /home/ashish/naturkompanitva/wp-content/plugins/woocommerce/includes/wc-core-functions.php(345): include('/home/ashish/na...')
#3 /home/ashish/naturkompanitva/wp-content/plugins/woocommerce/includes/wc-template-functions.php(2334): wc_get_template('checkout/paymen...', Array)
#4 /home/ashish/naturkompanitva/wp-includes/class-wp-hook.php(303): woocommerce_checkout_payment('')
#5 /home/ashish/naturkompanitva/wp-includes/class-wp-hook.php(327): WP_Hook->apply_filters(NULL, Array)
#6 /home/ashish/naturkompanitva/wp-includes/plugin.php(470): WP_Hook->do_action(Array)
#7 /home/as i /home/ashish/naturkompanitva/wp-content/themes/bootscore-main/woocommerce/checkout/terms.php på rad 14

2021-11-25T09:50:11+00:00 CRITICAL Uncaught Error: Call to undefined function bootscore_wc_get_corrected_terms() in /home/ashish/naturkompanitva/wp-content/themes/bootscore-main/woocommerce/checkout/terms.php:14
Stack trace:
#0 /home/ashish/naturkompanitva/wp-content/plugins/woocommerce/includes/wc-core-functions.php(345): include()
#1 /home/ashish/naturkompanitva/wp-content/themes/bootscore-main/woocommerce/checkout/payment.php(49): wc_get_template('checkout/terms....')
#2 /home/ashish/naturkompanitva/wp-content/plugins/woocommerce/includes/wc-core-functions.php(345): include('/home/ashish/na...')
#3 /home/ashish/naturkompanitva/wp-content/plugins/woocommerce/includes/wc-template-functions.php(2334): wc_get_template('checkout/paymen...', Array)
#4 /home/ashish/naturkompanitva/wp-includes/class-wp-hook.php(303): woocommerce_checkout_payment('')
#5 /home/ashish/naturkompanitva/wp-includes/class-wp-hook.php(327): WP_Hook->apply_filters(NULL, Array)
#6 /home/ashish/naturkompanitva/wp-includes/plugin.php(470): WP_Hook->do_action(Array)
#7 /home/as i /home/ashish/naturkompanitva/wp-content/themes/bootscore-main/woocommerce/checkout/terms.php på rad 14

2021-11-25T09:56:25+00:00 CRITICAL Uncaught Error: Call to undefined function bootscore_wc_get_corrected_terms() in /home/ashish/naturkompanitva/wp-content/themes/bootscore-main/woocommerce/checkout/terms.php:14
Stack trace:
#0 /home/ashish/naturkompanitva/wp-content/plugins/woocommerce/includes/wc-core-functions.php(345): include()
#1 /home/ashish/naturkompanitva/wp-content/themes/bootscore-main/woocommerce/checkout/payment.php(49): wc_get_template('checkout/terms....')
#2 /home/ashish/naturkompanitva/wp-content/plugins/woocommerce/includes/wc-core-functions.php(345): include('/home/ashish/na...')
#3 /home/ashish/naturkompanitva/wp-content/plugins/woocommerce/includes/wc-template-functions.php(2334): wc_get_template('checkout/paymen...', Array)
#4 /home/ashish/naturkompanitva/wp-includes/class-wp-hook.php(303): woocommerce_checkout_payment('')
#5 /home/ashish/naturkompanitva/wp-includes/class-wp-hook.php(327): WP_Hook->apply_filters(NULL, Array)
#6 /home/ashish/naturkompanitva/wp-includes/plugin.php(470): WP_Hook->do_action(Array)
#7 /home/as i /home/ashish/naturkompanitva/wp-content/themes/bootscore-main/woocommerce/checkout/terms.php på rad 14

2021-11-25T09:58:33+00:00 CRITICAL Uncaught Error: Call to undefined function bootscore_wc_get_corrected_terms() in /home/ashish/naturkompanitva/wp-content/themes/bootscore-main/woocommerce/checkout/terms.php:14
Stack trace:
#0 /home/ashish/naturkompanitva/wp-content/plugins/woocommerce/includes/wc-core-functions.php(345): include()
#1 /home/ashish/naturkompanitva/wp-content/themes/bootscore-main/woocommerce/checkout/payment.php(49): wc_get_template('checkout/terms....')
#2 /home/ashish/naturkompanitva/wp-content/plugins/woocommerce/includes/wc-core-functions.php(345): include('/home/ashish/na...')
#3 /home/ashish/naturkompanitva/wp-content/plugins/woocommerce/includes/wc-template-functions.php(2334): wc_get_template('checkout/paymen...', Array)
#4 /home/ashish/naturkompanitva/wp-includes/class-wp-hook.php(303): woocommerce_checkout_payment('')
#5 /home/ashish/naturkompanitva/wp-includes/class-wp-hook.php(327): WP_Hook->apply_filters(NULL, Array)
#6 /home/ashish/naturkompanitva/wp-includes/plugin.php(470): WP_Hook->do_action(Array)
#7 /home/as i /home/ashish/naturkompanitva/wp-content/themes/bootscore-main/woocommerce/checkout/terms.php på rad 14

2021-11-25T10:06:31+00:00 CRITICAL Uncaught Error: Call to undefined function bootscore_wc_get_corrected_terms() in /home/ashish/naturkompanitva/wp-content/themes/bootscore-main/woocommerce/checkout/terms.php:14
Stack trace:
#0 /home/ashish/naturkompanitva/wp-content/plugins/woocommerce/includes/wc-core-functions.php(345): include()
#1 /home/ashish/naturkompanitva/wp-content/themes/bootscore-main/woocommerce/checkout/payment.php(49): wc_get_template('checkout/terms....')
#2 /home/ashish/naturkompanitva/wp-content/plugins/woocommerce/includes/wc-core-functions.php(345): include('/home/ashish/na...')
#3 /home/ashish/naturkompanitva/wp-content/plugins/woocommerce/includes/wc-template-functions.php(2334): wc_get_template('checkout/paymen...', Array)
#4 /home/ashish/naturkompanitva/wp-includes/class-wp-hook.php(303): woocommerce_checkout_payment('')
#5 /home/ashish/naturkompanitva/wp-includes/class-wp-hook.php(327): WP_Hook->apply_filters(NULL, Array)
#6 /home/ashish/naturkompanitva/wp-includes/plugin.php(470): WP_Hook->do_action(Array)
#7 /home/as i /home/ashish/naturkompanitva/wp-content/themes/bootscore-main/woocommerce/checkout/terms.php på rad 14

2021-11-25T10:15:08+00:00 CRITICAL Uncaught Error: Call to undefined function bootscore_wc_get_corrected_terms() in /home/ashish/naturkompanitva/wp-content/themes/bootscore-main/woocommerce/checkout/terms.php:14
Stack trace:
#0 /home/ashish/naturkompanitva/wp-content/plugins/woocommerce/includes/wc-core-functions.php(345): include()
#1 /home/ashish/naturkompanitva/wp-content/themes/bootscore-main/woocommerce/checkout/payment.php(49): wc_get_template('checkout/terms....')
#2 /home/ashish/naturkompanitva/wp-content/plugins/woocommerce/includes/wc-core-functions.php(345): include('/home/ashish/na...')
#3 /home/ashish/naturkompanitva/wp-content/plugins/woocommerce/includes/wc-template-functions.php(2334): wc_get_template('checkout/paymen...', Array)
#4 /home/ashish/naturkompanitva/wp-includes/class-wp-hook.php(303): woocommerce_checkout_payment('')
#5 /home/ashish/naturkompanitva/wp-includes/class-wp-hook.php(327): WP_Hook->apply_filters(NULL, Array)
#6 /home/ashish/naturkompanitva/wp-includes/plugin.php(470): WP_Hook->do_action(Array)
#7 /home/as i /home/ashish/naturkompanitva/wp-content/themes/bootscore-main/woocommerce/checkout/terms.php på rad 14

2021-11-25T10:15:47+00:00 CRITICAL Uncaught Error: Call to undefined function bootscore_wc_get_corrected_terms() in /home/ashish/naturkompanitva/wp-content/themes/bootscore-main/woocommerce/checkout/terms.php:14
Stack trace:
#0 /home/ashish/naturkompanitva/wp-content/plugins/woocommerce/includes/wc-core-functions.php(345): include()
#1 /home/ashish/naturkompanitva/wp-content/themes/bootscore-main/woocommerce/checkout/payment.php(49): wc_get_template('checkout/terms....')
#2 /home/ashish/naturkompanitva/wp-content/plugins/woocommerce/includes/wc-core-functions.php(345): include('/home/ashish/na...')
#3 /home/ashish/naturkompanitva/wp-content/plugins/woocommerce/includes/wc-template-functions.php(2334): wc_get_template('checkout/paymen...', Array)
#4 /home/ashish/naturkompanitva/wp-includes/class-wp-hook.php(303): woocommerce_checkout_payment('')
#5 /home/ashish/naturkompanitva/wp-includes/class-wp-hook.php(327): WP_Hook->apply_filters(NULL, Array)
#6 /home/ashish/naturkompanitva/wp-includes/plugin.php(470): WP_Hook->do_action(Array)
#7 /home/as i /home/ashish/naturkompanitva/wp-content/themes/bootscore-main/woocommerce/checkout/terms.php på rad 14

2021-11-25T10:22:45+00:00 CRITICAL Uncaught Error: Call to undefined function bootscore_wc_get_corrected_terms() in /home/ashish/naturkompanitva/wp-content/themes/bootscore-main/woocommerce/checkout/terms.php:14
Stack trace:
#0 /home/ashish/naturkompanitva/wp-content/plugins/woocommerce/includes/wc-core-functions.php(345): include()
#1 /home/ashish/naturkompanitva/wp-content/themes/bootscore-main/woocommerce/checkout/payment.php(49): wc_get_template('checkout/terms....')
#2 /home/ashish/naturkompanitva/wp-content/plugins/woocommerce/includes/wc-core-functions.php(345): include('/home/ashish/na...')
#3 /home/ashish/naturkompanitva/wp-content/plugins/woocommerce/includes/wc-template-functions.php(2334): wc_get_template('checkout/paymen...', Array)
#4 /home/ashish/naturkompanitva/wp-includes/class-wp-hook.php(303): woocommerce_checkout_payment('')
#5 /home/ashish/naturkompanitva/wp-includes/class-wp-hook.php(327): WP_Hook->apply_filters(NULL, Array)
#6 /home/ashish/naturkompanitva/wp-includes/plugin.php(470): WP_Hook->do_action(Array)
#7 /home/as i /home/ashish/naturkompanitva/wp-content/themes/bootscore-main/woocommerce/checkout/terms.php på rad 14

2021-11-25T17:14:53+00:00 CRITICAL Uncaught Error: Call to undefined function bootscore_wc_get_corrected_terms() in /home/ashish/naturkompanitva/wp-content/themes/bootscore-main/woocommerce/checkout/terms.php:14
Stack trace:
#0 /home/ashish/naturkompanitva/wp-content/plugins/woocommerce/includes/wc-core-functions.php(345): include()
#1 /home/ashish/naturkompanitva/wp-content/themes/bootscore-main/woocommerce/checkout/payment.php(49): wc_get_template('checkout/terms....')
#2 /home/ashish/naturkompanitva/wp-content/plugins/woocommerce/includes/wc-core-functions.php(345): include('/home/ashish/na...')
#3 /home/ashish/naturkompanitva/wp-content/plugins/woocommerce/includes/wc-template-functions.php(2334): wc_get_template('checkout/paymen...', Array)
#4 /home/ashish/naturkompanitva/wp-includes/class-wp-hook.php(303): woocommerce_checkout_payment('')
#5 /home/ashish/naturkompanitva/wp-includes/class-wp-hook.php(327): WP_Hook->apply_filters(NULL, Array)
#6 /home/ashish/naturkompanitva/wp-includes/plugin.php(470): WP_Hook->do_action(Array)
#7 /home/as i /home/ashish/naturkompanitva/wp-content/themes/bootscore-main/woocommerce/checkout/terms.php på rad 14

